Build started 11/3/2014 9:19:01 AM.
     1>Project "C:\Users\Joey\Documents\Visual Studio 2013\Projects\ch 14 feet+-inchees\ch 14 feet+-inchees\ch 14 feet+-inchees.vcxproj" on node 2 (Build target(s)).
     1>ClCompile:
         C:\Program Files (x86)\Microsoft Visual Studio 12.0\VC\bin\CL.exe /c /ZI /nologo /W3 /WX- /sdl /Od /Oy- /D _MBCS /Gm /EHsc /RTC1 /MDd /GS /fp:precise /Zc:wchar_t /Zc:forScope /Fo"Debug\\" /Fd"Debug\vc120.pdb" /Gd /TP /analyze- /errorReport:prompt FeetInches.cpp main.cpp
         main.cpp
     1>c:\users\joey\documents\visual studio 2013\projects\ch 14 feet+-inchees\ch 14 feet+-inchees\feetinches.h(1): warning C4067: unexpected tokens following preprocessor directive - expected a newline
     1>c:\users\joey\documents\visual studio 2013\projects\ch 14 feet+-inchees\ch 14 feet+-inchees\feetinches.h(70): error C2535: 'FeetInches FeetInches::operator ++(int)' : member function already defined or declared
                 c:\users\joey\documents\visual studio 2013\projects\ch 14 feet+-inchees\ch 14 feet+-inchees\feetinches.h(26) : see declaration of 'FeetInches::operator ++'
         FeetInches.cpp
     1>c:\users\joey\documents\visual studio 2013\projects\ch 14 feet+-inchees\ch 14 feet+-inchees\feetinches.h(1): warning C4067: unexpected tokens following preprocessor directive - expected a newline
     1>c:\users\joey\documents\visual studio 2013\projects\ch 14 feet+-inchees\ch 14 feet+-inchees\feetinches.h(70): error C2535: 'FeetInches FeetInches::operator ++(int)' : member function already defined or declared
                 c:\users\joey\documents\visual studio 2013\projects\ch 14 feet+-inchees\ch 14 feet+-inchees\feetinches.h(26) : see declaration of 'FeetInches::operator ++'
         Generating Code...
     1>Done Building Project "C:\Users\Joey\Documents\Visual Studio 2013\Projects\ch 14 feet+-inchees\ch 14 feet+-inchees\ch 14 feet+-inchees.vcxproj" (Build target(s)) -- FAILED.

Build FAILED.

Time Elapsed 00:00:00.45
